MobileKeybroad/app/build/intermediates/manifest_merge_blame_file/debug/processDebugMainManifest/manifest-merger-blame-debug-report.txt
1<?xml version="1.0" encoding="utf-8"?>
2<manifest xmlns:android="http://schemas.android.com/apk/res/android"
3    package="com.jollitycn.mobilekeybroad"
4    android:versionCode="1"
5    android:versionName="1.0" >
6
7    <uses-sdk
8        android:minSdkVersion="28"
9        android:targetSdkVersion="34" />
10    <!-- Request legacy Bluetooth permissions on older devices. -->
11    <uses-permission android:name="android.permission.BLUETOOTH" />
11-->src\main\AndroidManifest.xml:5:5-68
11-->src\main\AndroidManifest.xml:5:22-65
12    <uses-permission android:name="android.permission.BLUETOOTH_ADMIN" />
12-->src\main\AndroidManifest.xml:6:5-74
12-->src\main\AndroidManifest.xml:6:22-71
13    <uses-permission android:name="android.permission.BLUETOOTH_ADVERTISE" />
13-->src\main\AndroidManifest.xml:7:5-78
13-->src\main\AndroidManifest.xml:7:22-75
14    <uses-permission android:name="android.permission.BLUETOOTH_CONNECT" />
14-->src\main\AndroidManifest.xml:8:5-76
14-->src\main\AndroidManifest.xml:8:22-73
15    <uses-permission android:name="android.permission.BLUETOOTH_SCAN" />
15-->src\main\AndroidManifest.xml:9:5-73
15-->src\main\AndroidManifest.xml:9:22-70
16    <uses-permission android:name="android.permission.BLUETOOTH_PRIVILEGED" />
16-->src\main\AndroidManifest.xml:10:5-114
16-->src\main\AndroidManifest.xml:10:22-76
17    <uses-permission android:name="android.permission.WAKE_LOCK" />
17-->src\main\AndroidManifest.xml:11:5-68
17-->src\main\AndroidManifest.xml:11:22-65
18    <uses-permission android:name="android.permission.FOREGROUND_SERVICE" />
18-->src\main\AndroidManifest.xml:12:5-77
18-->src\main\AndroidManifest.xml:12:22-74
19    <uses-permission android:name="android.permission.MANAGE_DEVICE_POLICY_BLUETOOTH" />
19-->src\main\AndroidManifest.xml:13:5-89
19-->src\main\AndroidManifest.xml:13:22-86
20
21    <uses-feature
21-->src\main\AndroidManifest.xml:14:5-89
22        android:name="android.hardware.bluetooth_le"
22-->src\main\AndroidManifest.xml:14:19-63
23        android:required="true" />
23-->src\main\AndroidManifest.xml:14:64-87
24
25    <!--
26         Needed only if your app looks for Bluetooth devices.
27         If your app doesn't use Bluetooth scan results to derive physical
28         location information, you can strongly assert that your app
29         doesn't derive physical location.
30    -->
31    <uses-feature
31-->src\main\AndroidManifest.xml:20:5-87
32        android:name="android.hardware.bluetooth"
32-->src\main\AndroidManifest.xml:20:19-60
33        android:required="true" />
33-->src\main\AndroidManifest.xml:20:61-84
34
35    <queries>
35-->[com.android.car.ui:car-ui-lib:2.6.0] AndroidManifest.xml:23:5-34:15
36
37        <!-- Required for querying the IME service at runtime -->
38        <intent>
38-->[com.android.car.ui:car-ui-lib:2.6.0] AndroidManifest.xml:26:9-28:18
39            <action android:name="android.view.InputMethod" />
39-->[com.android.car.ui:car-ui-lib:2.6.0] AndroidManifest.xml:27:13-63
39-->[com.android.car.ui:car-ui-lib:2.6.0] AndroidManifest.xml:27:21-60
40        </intent>
41        <!-- Required for querying the plugin at runtime -->
42        <provider
42-->[com.android.car.ui:car-ui-lib:2.6.0] AndroidManifest.xml:30:9-33:67
43            android:name="com.android.car.ui.plugin.PluginNameProvider"
43-->[com.android.car.ui:car-ui-lib:2.6.0] AndroidManifest.xml:31:13-72
44            android:authorities="com.android.car.ui.plugin" />
44-->[com.android.car.ui:car-ui-lib:2.6.0] AndroidManifest.xml:32:13-60
45    </queries>
46
47    <permission
47-->[androidx.core:core:1.13.1] AndroidManifest.xml:22:5-24:47
48        android:name="com.jollitycn.mobilekeybroad.DYNAMIC_RECEIVER_NOT_EXPORTED_PERMISSION"
48-->[androidx.core:core:1.13.1] AndroidManifest.xml:23:9-81
49        android:protectionLevel="signature" />
49-->[androidx.core:core:1.13.1] AndroidManifest.xml:24:9-44
50
51    <uses-permission android:name="com.jollitycn.mobilekeybroad.DYNAMIC_RECEIVER_NOT_EXPORTED_PERMISSION" />
51-->[androidx.core:core:1.13.1] AndroidManifest.xml:26:5-97
51-->[androidx.core:core:1.13.1] AndroidManifest.xml:26:22-94
52
53    <application
53-->src\main\AndroidManifest.xml:21:5-70:19
54        android:allowBackup="true"
54-->src\main\AndroidManifest.xml:22:13-39
55        android:appComponentFactory="androidx.core.app.CoreComponentFactory"
55-->[androidx.core:core:1.13.1] AndroidManifest.xml:28:18-86
56        android:dataExtractionRules="@xml/data_extraction_rules"
56-->src\main\AndroidManifest.xml:23:13-69
57        android:debuggable="true"
58        android:extractNativeLibs="false"
59        android:fullBackupContent="@xml/backup_rules"
59-->src\main\AndroidManifest.xml:24:13-58
60        android:icon="@mipmap/ic_launcher"
60-->src\main\AndroidManifest.xml:25:13-47
61        android:label="@string/app_name"
61-->src\main\AndroidManifest.xml:26:13-45
62        android:roundIcon="@mipmap/ic_launcher_round"
62-->src\main\AndroidManifest.xml:27:13-58
63        android:supportsRtl="true"
63-->src\main\AndroidManifest.xml:28:13-39
64        android:testOnly="true"
65        android:theme="@style/AppTheme" >
65-->src\main\AndroidManifest.xml:29:9-40
66        <activity
66-->src\main\AndroidManifest.xml:31:13-39:24
67            android:name="com.jollitycn.mobilekeybroad.MainActivity"
67-->src\main\AndroidManifest.xml:32:17-45
68            android:exported="true" >
68-->src\main\AndroidManifest.xml:33:17-40
69            <intent-filter>
69-->src\main\AndroidManifest.xml:35:17-38:33
70                <action android:name="android.intent.action.MAIN" />
70-->src\main\AndroidManifest.xml:36:21-73
70-->src\main\AndroidManifest.xml:36:29-70
71
72                <category android:name="android.intent.category.LAUNCHER" />
72-->src\main\AndroidManifest.xml:37:21-81
72-->src\main\AndroidManifest.xml:37:31-78
73            </intent-filter>
74        </activity>
75        <!-- <activity -->
76        <!-- android:name=".bluetoothpccontrol.MainActivity" -->
77        <!-- android:exported="true" -->
78        <!-- android:label="@string/app_name" -->
79        <!-- android:resizeableActivity="true" -->
80        <!-- tools:targetApi="24"> -->
81        <!-- <intent-filter> -->
82        <!-- <action android:name="android.intent.action.MAIN"/> -->
83
84
85        <!-- <category android:name="android.intent.category.LAUNCHER"/> -->
86        <!-- </intent-filter> -->
87        <!-- </activity> -->
88
89
90        <!-- android:theme="@style/Theme.MobileKeybroad.NoActionBar" -->
91        <!-- <activity -->
92        <!-- android:name=".bluetoothpccontrol.DeviceListActivity" -->
93        <!-- android:configChanges="orientation|keyboardHidden" -->
94        <!-- android:label="@string/select_device" -->
95        <!-- android:theme="@android:style/Theme.DeviceDefault.Dialog" /> -->
96
97        <activity
97-->src\main\AndroidManifest.xml:61:9-66:16
98            android:name="com.jollitycn.mobilekeybroad.KeyboardActivity"
98-->src\main\AndroidManifest.xml:61:19-51
99            android:screenOrientation="landscape" >
99-->src\main\AndroidManifest.xml:62:9-46
100
101            <!-- android:theme="@style/Theme.AppCompat.Light.NoActionBar.FullScreen" -->
102            <!-- ... 其他配置 ... -->
103        </activity>
104
105        <service
105-->src\main\AndroidManifest.xml:66:17-67:33
106            android:name="com.jollitycn.mobilekeybroad.bluetooth.BluetoothConnectService"
106-->src\main\AndroidManifest.xml:66:26-103
107            android:enabled="true" />
107-->src\main\AndroidManifest.xml:67:9-31
108        <service
108-->src\main\AndroidManifest.xml:68:9-69:37
109            android:name="com.jollitycn.mobilekeybroad.bluetooth.BluetoothHidMouseService"
109-->src\main\AndroidManifest.xml:68:18-96
110            android:enabled="true" />
110-->src\main\AndroidManifest.xml:69:13-35
111
112        <provider
112-->[com.android.car.ui:car-ui-lib:2.6.0] AndroidManifest.xml:37:9-42:71
113            android:name="com.android.car.ui.core.CarUiInstaller"
113-->[com.android.car.ui:car-ui-lib:2.6.0] AndroidManifest.xml:38:13-66
114            android:authorities="com.jollitycn.mobilekeybroad.CarUiInstaller"
114-->[com.android.car.ui:car-ui-lib:2.6.0] AndroidManifest.xml:39:13-66
115            android:directBootAware="true"
115-->[com.android.car.ui:car-ui-lib:2.6.0] AndroidManifest.xml:40:13-43
116            android:exported="false"
116-->[com.android.car.ui:car-ui-lib:2.6.0] AndroidManifest.xml:41:13-37
117            android:process="@string/car_ui_installer_process_name" />
117-->[com.android.car.ui:car-ui-lib:2.6.0] AndroidManifest.xml:42:13-68
118        <provider
118-->[com.android.car.ui:car-ui-lib:2.6.0] AndroidManifest.xml:43:9-48:79
119            android:name="com.android.car.ui.core.SearchResultsProvider"
119-->[com.android.car.ui:car-ui-lib:2.6.0] AndroidManifest.xml:44:13-73
120            android:authorities="com.jollitycn.mobilekeybroad.SearchResultsProvider"
120-->[com.android.car.ui:car-ui-lib:2.6.0] AndroidManifest.xml:45:13-73
121            android:exported="true"
121-->[com.android.car.ui:car-ui-lib:2.6.0] AndroidManifest.xml:46:13-36
122            android:process="@string/car_ui_installer_process_name"
122-->[com.android.car.ui:car-ui-lib:2.6.0] AndroidManifest.xml:47:13-68
123            android:readPermission="com.android.car.ui.READ_SEARCH_RESULTS" />
123-->[com.android.car.ui:car-ui-lib:2.6.0] AndroidManifest.xml:48:13-76
124
125        <uses-library
125-->[androidx.window:window:1.3.0-beta02] AndroidManifest.xml:23:9-25:40
126            android:name="androidx.window.extensions"
126-->[androidx.window:window:1.3.0-beta02] AndroidManifest.xml:24:13-54
127            android:required="false" />
127-->[androidx.window:window:1.3.0-beta02] AndroidManifest.xml:25:13-37
128        <uses-library
128-->[androidx.window:window:1.3.0-beta02] AndroidManifest.xml:26:9-28:40
129            android:name="androidx.window.sidecar"
129-->[androidx.window:window:1.3.0-beta02] AndroidManifest.xml:27:13-51
130            android:required="false" />
130-->[androidx.window:window:1.3.0-beta02] AndroidManifest.xml:28:13-37
131
132        <provider
132-->[androidx.emoji2:emoji2:1.3.0] AndroidManifest.xml:24:9-32:20
133            android:name="androidx.startup.InitializationProvider"
133-->[androidx.emoji2:emoji2:1.3.0] AndroidManifest.xml:25:13-67
134            android:authorities="com.jollitycn.mobilekeybroad.androidx-startup"
134-->[androidx.emoji2:emoji2:1.3.0] AndroidManifest.xml:26:13-68
135            android:exported="false" >
135-->[androidx.emoji2:emoji2:1.3.0] AndroidManifest.xml:27:13-37
136            <meta-data
136-->[androidx.emoji2:emoji2:1.3.0] AndroidManifest.xml:29:13-31:52
137                android:name="androidx.emoji2.text.EmojiCompatInitializer"
137-->[androidx.emoji2:emoji2:1.3.0] AndroidManifest.xml:30:17-75
138                android:value="androidx.startup" />
138-->[androidx.emoji2:emoji2:1.3.0] AndroidManifest.xml:31:17-49
139            <meta-data
139-->[androidx.lifecycle:lifecycle-process:2.8.0] AndroidManifest.xml:29:13-31:52
140                android:name="androidx.lifecycle.ProcessLifecycleInitializer"
140-->[androidx.lifecycle:lifecycle-process:2.8.0] AndroidManifest.xml:30:17-78
141                android:value="androidx.startup" />
141-->[androidx.lifecycle:lifecycle-process:2.8.0] AndroidManifest.xml:31:17-49
142            <meta-data
142-->[androidx.profileinstaller:profileinstaller:1.3.1] AndroidManifest.xml:29:13-31:52
143                android:name="androidx.profileinstaller.ProfileInstallerInitializer"
143-->[androidx.profileinstaller:profileinstaller:1.3.1] AndroidManifest.xml:30:17-85
144                android:value="androidx.startup" />
144-->[androidx.profileinstaller:profileinstaller:1.3.1] AndroidManifest.xml:31:17-49
145        </provider>
146
147        <receiver
147-->[androidx.profileinstaller:profileinstaller:1.3.1] AndroidManifest.xml:34:9-52:20
148            android:name="androidx.profileinstaller.ProfileInstallReceiver"
148-->[androidx.profileinstaller:profileinstaller:1.3.1] AndroidManifest.xml:35:13-76
149            android:directBootAware="false"
149-->[androidx.profileinstaller:profileinstaller:1.3.1] AndroidManifest.xml:36:13-44
150            android:enabled="true"
150-->[androidx.profileinstaller:profileinstaller:1.3.1] AndroidManifest.xml:37:13-35
151            android:exported="true"
151-->[androidx.profileinstaller:profileinstaller:1.3.1] AndroidManifest.xml:38:13-36
152            android:permission="android.permission.DUMP" >
152-->[androidx.profileinstaller:profileinstaller:1.3.1] AndroidManifest.xml:39:13-57
153            <intent-filter>
153-->[androidx.profileinstaller:profileinstaller:1.3.1] AndroidManifest.xml:40:13-42:29
154                <action android:name="androidx.profileinstaller.action.INSTALL_PROFILE" />
154-->[androidx.profileinstaller:profileinstaller:1.3.1] AndroidManifest.xml:41:17-91
154-->[androidx.profileinstaller:profileinstaller:1.3.1] AndroidManifest.xml:41:25-88
155            </intent-filter>
156            <intent-filter>
156-->[androidx.profileinstaller:profileinstaller:1.3.1] AndroidManifest.xml:43:13-45:29
157                <action android:name="androidx.profileinstaller.action.SKIP_FILE" />
157-->[androidx.profileinstaller:profileinstaller:1.3.1] AndroidManifest.xml:44:17-85
157-->[androidx.profileinstaller:profileinstaller:1.3.1] AndroidManifest.xml:44:25-82
158            </intent-filter>
159            <intent-filter>
159-->[androidx.profileinstaller:profileinstaller:1.3.1] AndroidManifest.xml:46:13-48:29
160                <action android:name="androidx.profileinstaller.action.SAVE_PROFILE" />
160-->[androidx.profileinstaller:profileinstaller:1.3.1] AndroidManifest.xml:47:17-88
160-->[androidx.profileinstaller:profileinstaller:1.3.1] AndroidManifest.xml:47:25-85
161            </intent-filter>
162            <intent-filter>
162-->[androidx.profileinstaller:profileinstaller:1.3.1] AndroidManifest.xml:49:13-51:29
163                <action android:name="androidx.profileinstaller.action.BENCHMARK_OPERATION" />
163-->[androidx.profileinstaller:profileinstaller:1.3.1] AndroidManifest.xml:50:17-95
163-->[androidx.profileinstaller:profileinstaller:1.3.1] AndroidManifest.xml:50:25-92
164            </intent-filter>
165        </receiver>
166    </application>
167
168</manifest>